> Task :module-common:compileJava UP-TO-DATE
> Task :module-common:processResources NO-SOURCE
> Task :module-common:classes UP-TO-DATE
> Task :module-common:jar UP-TO-DATE
> Task :module-core:compileJava UP-TO-DATE
> Task :module-core:processResources NO-SOURCE
> Task :module-core:classes UP-TO-DATE
> Task :module-core:jar UP-TO-DATE
> Task :module-infra:compileJava UP-TO-DATE
> Task :module-infra:processResources UP-TO-DATE
> Task :module-infra:classes UP-TO-DATE
> Task :module-infra:jar UP-TO-DATE
> Task :module-app:compileJava UP-TO-DATE
> Task :module-app:processResources UP-TO-DATE
> Task :module-app:classes UP-TO-DATE
> Task :module-app:jar UP-TO-DATE
> Task :module-chaos-test:compileJava NO-SOURCE
> Task :module-chaos-test:processResources NO-SOURCE
> Task :module-chaos-test:classes UP-TO-DATE
> Task :module-chaos-test:compileTestJava NO-SOURCE
> Task :module-chaos-test:processTestResources NO-SOURCE
> Task :module-chaos-test:testClasses UP-TO-DATE
> Task :module-chaos-test:compileChaosTestJava UP-TO-DATE
> Task :module-chaos-test:processChaosTestResources UP-TO-DATE
> Task :module-chaos-test:chaosTestClasses UP-TO-DATE

> Task :module-chaos-test:chaosTest
Could not load Logmanager "org.jboss.logmanager.LogManager"
java.lang.ClassNotFoundException: org.jboss.logmanager.LogManager
	at java.base/jdk.internal.loader.BuiltinClassLoader.loadClass(BuiltinClassLoader.java:641)
	at java.base/jdk.internal.loader.ClassLoaders$AppClassLoader.loadClass(ClassLoaders.java:188)
	at java.base/java.lang.ClassLoader.loadClass(ClassLoader.java:526)
	at java.logging/java.util.logging.LogManager$1.run(LogManager.java:239)
	at java.logging/java.util.logging.LogManager$1.run(LogManager.java:223)
	at java.base/java.security.AccessController.doPrivileged(AccessController.java:319)
	at java.logging/java.util.logging.LogManager.<clinit>(LogManager.java:222)
	at java.logging/java.util.logging.Logger.demandLogger(Logger.java:650)
	at java.logging/java.util.logging.Logger.getLogger(Logger.java:720)
	at java.logging/java.util.logging.Logger.getLogger(Logger.java:703)
	at org.gradle.internal.logging.source.JavaUtilLoggingSystem.<init>(JavaUtilLoggingSystem.java:55)
	at org.gradle.internal.logging.services.LoggingServiceRegistry.createLoggingManagerFactory(LoggingServiceRegistry.java:136)
	at java.base/jdk.internal.reflect.DirectMethodHandleAccessor.invoke(DirectMethodHandleAccessor.java:103)
	at java.base/java.lang.reflect.Method.invoke(Method.java:580)
	at org.gradle.internal.reflect.JavaMethod.invoke(JavaMethod.java:125)
	at org.gradle.internal.service.ReflectionBasedServiceMethod.invoke(ReflectionBasedServiceMethod.java:34)
	at org.gradle.internal.service.DefaultServiceRegistry$FactoryMethodService.invokeMethod(DefaultServiceRegistry.java:911)
	at org.gradle.internal.service.DefaultServiceRegistry$FactoryService.createServiceInstance(DefaultServiceRegistry.java:838)
	at org.gradle.internal.service.DefaultServiceRegistry$ManagedObjectServiceProvider.getInstance(DefaultServiceRegistry.java:623)
	at org.gradle.internal.service.DefaultServiceRegistry$SingletonService.get(DefaultServiceRegistry.java:686)
	at org.gradle.internal.service.DefaultServiceRegistry.getFactory(DefaultServiceRegistry.java:336)
	at org.gradle.internal.service.DefaultServiceRegistry.newInstance(DefaultServiceRegistry.java:392)
	at org.gradle.process.internal.worker.child.SystemApplicationClassLoaderWorker.createLoggingManager(SystemApplicationClassLoaderWorker.java:174)
	at org.gradle.process.internal.worker.child.SystemApplicationClassLoaderWorker.call(SystemApplicationClassLoaderWorker.java:84)
	at org.gradle.process.internal.worker.child.SystemApplicationClassLoaderWorker.call(SystemApplicationClassLoaderWorker.java:65)
	at worker.org.gradle.process.internal.worker.GradleWorkerMain.run(GradleWorkerMain.java:69)
	at worker.org.gradle.process.internal.worker.GradleWorkerMain.main(GradleWorkerMain.java:74)

Gradle Test Run :module-chaos-test:chaosTest > Gradle Test Executor 7 > Nightmare 15: AOP Order Problem - 프로젝트 전체 AOP 순서 검증 > initializationError STARTED

Gradle Test Run :module-chaos-test:chaosTest > Gradle Test Executor 7 > Nightmare 15: AOP Order Problem - 프로젝트 전체 AOP 순서 검증 > initializationError FAILED
    java.lang.IllegalStateException: Could not find a valid Docker environment. Please see logs and check configuration
        at org.testcontainers.dockerclient.DockerClientProviderStrategy.lambda$getFirstValidStrategy$7(DockerClientProviderStrategy.java:274)
        at java.base/java.util.Optional.orElseThrow(Optional.java:403)
        at org.testcontainers.dockerclient.DockerClientProviderStrategy.getFirstValidStrategy(DockerClientProviderStrategy.java:265)
        at org.testcontainers.DockerClientFactory.getOrInitializeStrategy(DockerClientFactory.java:154)
        at org.testcontainers.DockerClientFactory.client(DockerClientFactory.java:196)
        at org.testcontainers.DockerClientFactory$1.getDockerClient(DockerClientFactory.java:108)
        at com.github.dockerjava.api.DockerClientDelegate.authConfig(DockerClientDelegate.java:109)
        at org.testcontainers.containers.GenericContainer.start(GenericContainer.java:321)
        at maple.expectation.support.AbstractContainerBaseTest.startContainers(AbstractContainerBaseTest.java:44)
        at java.base/java.lang.reflect.Method.invoke(Method.java:580)
        at java.base/java.util.ArrayList.forEach(ArrayList.java:1596)

Gradle Test Run :module-chaos-test:chaosTest > Gradle Test Executor 7 > Nightmare 12: Phantom Context - 비동기 컨텍스트 전파 검증 > alertTaskExecutor에서 MDC 컨텍스트 전파 검증 STARTED

OpenJDK 64-Bit Server VM warning: Sharing is only supported for boot loader classes because bootstrap classpath has been appended

> Task :module-chaos-test:chaosTest

Gradle Test Run :module-chaos-test:chaosTest > Gradle Test Executor 7 > Nightmare 12: Phantom Context - 비동기 컨텍스트 전파 검증 > alertTaskExecutor에서 MDC 컨텍스트 전파 검증 PASSED

Gradle Test Run :module-chaos-test:chaosTest > Gradle Test Executor 7 > Nightmare 12: Phantom Context - 비동기 컨텍스트 전파 검증 > CompletableFuture 체인에서 MDC 전파 검증 STARTED

Gradle Test Run :module-chaos-test:chaosTest > Gradle Test Executor 7 > Nightmare 12: Phantom Context - 비동기 컨텍스트 전파 검증 > CompletableFuture 체인에서 MDC 전파 검증 PASSED

Gradle Test Run :module-chaos-test:chaosTest > Gradle Test Executor 7 > Nightmare 12: Phantom Context - 비동기 컨텍스트 전파 검증 > [대조군] TaskDecorator 없는 ExecutorService는 MDC 손실 STARTED

Gradle Test Run :module-chaos-test:chaosTest > Gradle Test Executor 7 > Nightmare 12: Phantom Context - 비동기 컨텍스트 전파 검증 > [대조군] TaskDecorator 없는 ExecutorService는 MDC 손실 PASSED

Gradle Test Run :module-chaos-test:chaosTest > Gradle Test Executor 7 > Nightmare 12: Phantom Context - 비동기 컨텍스트 전파 검증 > expectationComputeExecutor에서 MDC 컨텍스트 전파 검증 STARTED

Gradle Test Run :module-chaos-test:chaosTest > Gradle Test Executor 7 > Nightmare 12: Phantom Context - 비동기 컨텍스트 전파 검증 > expectationComputeExecutor에서 MDC 컨텍스트 전파 검증 PASSED

Gradle Test Run :module-chaos-test:chaosTest > Gradle Test Executor 7 > Nightmare 12: Phantom Context - 비동기 컨텍스트 전파 검증 > 100회 비동기 호출 시 MDC 전파 성공률 100% 검증 STARTED

Gradle Test Run :module-chaos-test:chaosTest > Gradle Test Executor 7 > Nightmare 12: Phantom Context - 비동기 컨텍스트 전파 검증 > 100회 비동기 호출 시 MDC 전파 성공률 100% 검증 PASSED

Gradle Test Run :module-chaos-test:chaosTest > Gradle Test Executor 7 > Nightmare 12: Phantom Context - 비동기 컨텍스트 전파 검증 > Executor 스레드 이름 패턴 검증 STARTED

Gradle Test Run :module-chaos-test:chaosTest > Gradle Test Executor 7 > Nightmare 12: Phantom Context - 비동기 컨텍스트 전파 검증 > Executor 스레드 이름 패턴 검증 PASSED

Gradle Test Run :module-chaos-test:chaosTest > Gradle Test Executor 7 > Nightmare 10: CallerRunsPolicy Betrayal - 실제 운영 Executor 검증 > [개념 시연] CallerRunsPolicy의 Cascading Timeout 위험 STARTED

Gradle Test Run :module-chaos-test:chaosTest > Gradle Test Executor 7 > Nightmare 10: CallerRunsPolicy Betrayal - 실제 운영 Executor 검증 > [개념 시연] CallerRunsPolicy의 Cascading Timeout 위험 PASSED

Gradle Test Run :module-chaos-test:chaosTest > Gradle Test Executor 7 > Nightmare 10: CallerRunsPolicy Betrayal - 실제 운영 Executor 검증 > expectationComputeExecutor: CallerRunsPolicy 미사용 검증 STARTED

Gradle Test Run :module-chaos-test:chaosTest > Gradle Test Executor 7 > Nightmare 10: CallerRunsPolicy Betrayal - 실제 운영 Executor 검증 > expectationComputeExecutor: CallerRunsPolicy 미사용 검증 PASSED

Gradle Test Run :module-chaos-test:chaosTest > Gradle Test Executor 7 > Nightmare 10: CallerRunsPolicy Betrayal - 실제 운영 Executor 검증 > alertTaskExecutor: CallerRunsPolicy 미사용 검증 STARTED

Gradle Test Run :module-chaos-test:chaosTest > Gradle Test Executor 7 > Nightmare 10: CallerRunsPolicy Betrayal - 실제 운영 Executor 검증 > alertTaskExecutor: CallerRunsPolicy 미사용 검증 PASSED

Gradle Test Run :module-chaos-test:chaosTest > Gradle Test Executor 7 > Nightmare 10: CallerRunsPolicy Betrayal - 실제 운영 Executor 검증 > [개념 비교] HTTP 요청 타임아웃 시뮬레이션 STARTED

Gradle Test Run :module-chaos-test:chaosTest > Gradle Test Executor 7 > Nightmare 10: CallerRunsPolicy Betrayal - 실제 운영 Executor 검증 > [개념 비교] HTTP 요청 타임아웃 시뮬레이션 PASSED

Gradle Test Run :module-chaos-test:chaosTest > Gradle Test Executor 7 > Nightmare 05: Celebrity Problem - Hot Key Meltdown > initializationError STARTED

Gradle Test Run :module-chaos-test:chaosTest > Gradle Test Executor 7 > Nightmare 05: Celebrity Problem - Hot Key Meltdown > initializationError FAILED
    java.lang.IllegalStateException: Previous attempts to find a Docker environment failed. Will not retry. Please see logs and check configuration
        at org.testcontainers.dockerclient.DockerClientProviderStrategy.getFirstValidStrategy(DockerClientProviderStrategy.java:229)
        at org.testcontainers.DockerClientFactory.getOrInitializeStrategy(DockerClientFactory.java:154)
        at org.testcontainers.DockerClientFactory.client(DockerClientFactory.java:196)
        at org.testcontainers.DockerClientFactory$1.getDockerClient(DockerClientFactory.java:108)
        at com.github.dockerjava.api.DockerClientDelegate.authConfig(DockerClientDelegate.java:109)
        at org.testcontainers.containers.GenericContainer.start(GenericContainer.java:321)
        at maple.expectation.support.AbstractContainerBaseTest.startContainers(AbstractContainerBaseTest.java:44)
        at java.base/java.lang.reflect.Method.invoke(Method.java:580)
        at java.base/java.util.ArrayList.forEach(ArrayList.java:1596)

Gradle Test Run :module-chaos-test:chaosTest > Gradle Test Executor 7 > Nightmare 09: Circular Lock Deadlock - Named Lock Ordering > initializationError STARTED

Gradle Test Run :module-chaos-test:chaosTest > Gradle Test Executor 7 > Nightmare 09: Circular Lock Deadlock - Named Lock Ordering > initializationError FAILED
    java.lang.IllegalStateException: Previous attempts to find a Docker environment failed. Will not retry. Please see logs and check configuration
        at org.testcontainers.dockerclient.DockerClientProviderStrategy.getFirstValidStrategy(DockerClientProviderStrategy.java:229)
        at org.testcontainers.DockerClientFactory.getOrInitializeStrategy(DockerClientFactory.java:154)
        at org.testcontainers.DockerClientFactory.client(DockerClientFactory.java:196)
        at org.testcontainers.DockerClientFactory$1.getDockerClient(DockerClientFactory.java:108)
        at com.github.dockerjava.api.DockerClientDelegate.authConfig(DockerClientDelegate.java:109)
        at org.testcontainers.containers.GenericContainer.start(GenericContainer.java:321)
        at maple.expectation.support.AbstractContainerBaseTest.startContainers(AbstractContainerBaseTest.java:44)
        at java.base/java.lang.reflect.Method.invoke(Method.java:580)
        at java.base/java.util.ArrayList.forEach(ArrayList.java:1596)

Gradle Test Run :module-chaos-test:chaosTest > Gradle Test Executor 7 > Nightmare 04: Connection Vampire - DB Connection Pool Starvation > initializationError STARTED

Gradle Test Run :module-chaos-test:chaosTest > Gradle Test Executor 7 > Nightmare 04: Connection Vampire - DB Connection Pool Starvation > initializationError FAILED
    java.lang.IllegalStateException: Previous attempts to find a Docker environment failed. Will not retry. Please see logs and check configuration
        at org.testcontainers.dockerclient.DockerClientProviderStrategy.getFirstValidStrategy(DockerClientProviderStrategy.java:229)
        at org.testcontainers.DockerClientFactory.getOrInitializeStrategy(DockerClientFactory.java:154)
        at org.testcontainers.DockerClientFactory.client(DockerClientFactory.java:196)
        at org.testcontainers.DockerClientFactory$1.getDockerClient(DockerClientFactory.java:108)
        at com.github.dockerjava.api.DockerClientDelegate.authConfig(DockerClientDelegate.java:109)
        at org.testcontainers.containers.GenericContainer.start(GenericContainer.java:321)
        at maple.expectation.support.AbstractContainerBaseTest.startContainers(AbstractContainerBaseTest.java:44)
        at java.base/java.lang.reflect.Method.invoke(Method.java:580)
        at java.base/java.util.ArrayList.forEach(ArrayList.java:1596)

Gradle Test Run :module-chaos-test:chaosTest > Gradle Test Executor 7 > Nightmare 02: The Deadlock Trap - Circular Lock > initializationError STARTED

Gradle Test Run :module-chaos-test:chaosTest > Gradle Test Executor 7 > Nightmare 02: The Deadlock Trap - Circular Lock > initializationError FAILED
    java.lang.IllegalStateException: Previous attempts to find a Docker environment failed. Will not retry. Please see logs and check configuration
        at org.testcontainers.dockerclient.DockerClientProviderStrategy.getFirstValidStrategy(DockerClientProviderStrategy.java:229)
        at org.testcontainers.DockerClientFactory.getOrInitializeStrategy(DockerClientFactory.java:154)
        at org.testcontainers.DockerClientFactory.client(DockerClientFactory.java:196)
        at org.testcontainers.DockerClientFactory$1.getDockerClient(DockerClientFactory.java:108)
        at com.github.dockerjava.api.DockerClientDelegate.authConfig(DockerClientDelegate.java:109)
        at org.testcontainers.containers.GenericContainer.start(GenericContainer.java:321)
        at maple.expectation.support.AbstractContainerBaseTest.startContainers(AbstractContainerBaseTest.java:44)
        at java.base/java.lang.reflect.Method.invoke(Method.java:580)
        at java.base/java.util.ArrayList.forEach(ArrayList.java:1596)

Gradle Test Run :module-chaos-test:chaosTest > Gradle Test Executor 7 > Nightmare 18: Deep Paging Abyss - 깊은 페이징 성능 문제 > initializationError STARTED

Gradle Test Run :module-chaos-test:chaosTest > Gradle Test Executor 7 > Nightmare 18: Deep Paging Abyss - 깊은 페이징 성능 문제 > initializationError FAILED
    java.lang.IllegalStateException: Previous attempts to find a Docker environment failed. Will not retry. Please see logs and check configuration
        at org.testcontainers.dockerclient.DockerClientProviderStrategy.getFirstValidStrategy(DockerClientProviderStrategy.java:229)
        at org.testcontainers.DockerClientFactory.getOrInitializeStrategy(DockerClientFactory.java:154)
        at org.testcontainers.DockerClientFactory.client(DockerClientFactory.java:196)
        at org.testcontainers.DockerClientFactory$1.getDockerClient(DockerClientFactory.java:108)
        at com.github.dockerjava.api.DockerClientDelegate.authConfig(DockerClientDelegate.java:109)
        at org.testcontainers.containers.GenericContainer.start(GenericContainer.java:321)
        at maple.expectation.support.AbstractContainerBaseTest.startContainers(AbstractContainerBaseTest.java:44)
        at java.base/java.lang.reflect.Method.invoke(Method.java:580)
        at java.base/java.util.ArrayList.forEach(ArrayList.java:1596)

Gradle Test Run :module-chaos-test:chaosTest > Gradle Test Executor 7 > Nightmare 07: Metadata Lock Freeze - DDL Blocking Query Cascade > initializationError STARTED

Gradle Test Run :module-chaos-test:chaosTest > Gradle Test Executor 7 > Nightmare 07: Metadata Lock Freeze - DDL Blocking Query Cascade > initializationError FAILED
    java.lang.IllegalStateException: Previous attempts to find a Docker environment failed. Will not retry. Please see logs and check configuration
        at org.testcontainers.dockerclient.DockerClientProviderStrategy.getFirstValidStrategy(DockerClientProviderStrategy.java:229)
        at org.testcontainers.DockerClientFactory.getOrInitializeStrategy(DockerClientFactory.java:154)
        at org.testcontainers.DockerClientFactory.client(DockerClientFactory.java:196)
        at org.testcontainers.DockerClientFactory$1.getDockerClient(DockerClientFactory.java:108)
        at com.github.dockerjava.api.DockerClientDelegate.authConfig(DockerClientDelegate.java:109)
        at org.testcontainers.containers.GenericContainer.start(GenericContainer.java:321)
        at maple.expectation.support.AbstractContainerBaseTest.startContainers(AbstractContainerBaseTest.java:44)
        at java.base/java.lang.reflect.Method.invoke(Method.java:580)
        at java.base/java.util.ArrayList.forEach(ArrayList.java:1596)

Gradle Test Run :module-chaos-test:chaosTest > Gradle Test Executor 7 > Nightmare 06: The Timeout Cascade (Zombie Request Problem) > initializationError STARTED

Gradle Test Run :module-chaos-test:chaosTest > Gradle Test Executor 7 > Nightmare 06: The Timeout Cascade (Zombie Request Problem) > initializationError FAILED
    java.lang.IllegalStateException: Previous attempts to find a Docker environment failed. Will not retry. Please see logs and check configuration
        at org.testcontainers.dockerclient.DockerClientProviderStrategy.getFirstValidStrategy(DockerClientProviderStrategy.java:229)
        at org.testcontainers.DockerClientFactory.getOrInitializeStrategy(DockerClientFactory.java:154)
        at org.testcontainers.DockerClientFactory.client(DockerClientFactory.java:196)
        at org.testcontainers.DockerClientFactory$1.getDockerClient(DockerClientFactory.java:108)
        at com.github.dockerjava.api.DockerClientDelegate.authConfig(DockerClientDelegate.java:109)
        at org.testcontainers.containers.GenericContainer.start(GenericContainer.java:321)
        at maple.expectation.support.AbstractContainerBaseTest.startContainers(AbstractContainerBaseTest.java:44)
        at java.base/java.lang.reflect.Method.invoke(Method.java:580)
        at java.base/java.util.ArrayList.forEach(ArrayList.java:1596)

Gradle Test Run :module-chaos-test:chaosTest > Gradle Test Executor 7 > Nightmare 19+: Compound Multi-Failure Scenarios > CF-1: N19 + Redis Timeout - Cache fallback during replay STARTED

Gradle Test Run :module-chaos-test:chaosTest > Gradle Test Executor 7 > Nightmare 19+: Compound Multi-Failure Scenarios > CF-1: N19 + Redis Timeout - Cache fallback during replay PASSED

Gradle Test Run :module-chaos-test:chaosTest > Gradle Test Executor 7 > Nightmare 19+: Compound Multi-Failure Scenarios > CF-2: N19 + DB Failover - Transaction rollback and retry STARTED

Gradle Test Run :module-chaos-test:chaosTest > Gradle Test Executor 7 > Nightmare 19+: Compound Multi-Failure Scenarios > CF-2: N19 + DB Failover - Transaction rollback and retry PASSED

Gradle Test Run :module-chaos-test:chaosTest > Gradle Test Executor 7 > Nightmare 19+: Compound Multi-Failure Scenarios > CF-3: N19 + Process Kill - Orphaned record recovery STARTED

Gradle Test Run :module-chaos-test:chaosTest > Gradle Test Executor 7 > Nightmare 19+: Compound Multi-Failure Scenarios > CF-3: N19 + Process Kill - Orphaned record recovery FAILED
    java.lang.AssertionError: [At least 95% should be processed] 
    Expecting actual:
      0L
    to be greater than or equal to:
      9500L
        at maple.expectation.chaos.nightmare.NexonApiOutboxMultiFailureNightmareTest.lambda$shouldRecoverAfterProcessKill$3(NexonApiOutboxMultiFailureNightmareTest.java:594)

Gradle Test Run :module-chaos-test:chaosTest > Gradle Test Executor 7 > Nightmare 19: Nexon API Outbox Replay - 6시간 장애 복구 > 6시간 장애 시나리오 End-to-End 시뮬레이션 STARTED

Gradle Test Run :module-chaos-test:chaosTest > Gradle Test Executor 7 > Nightmare 19: Nexon API Outbox Replay - 6시간 장애 복구 > 6시간 장애 시나리오 End-to-End 시뮬레이션 PASSED

Gradle Test Run :module-chaos-test:chaosTest > Gradle Test Executor 7 > Nightmare 19: Nexon API Outbox Replay - 6시간 장애 복구 > Replay 처리량 메트릭 - 1000+ rows/sec 목표 달성 STARTED

Gradle Test Run :module-chaos-test:chaosTest > Gradle Test Executor 7 > Nightmare 19: Nexon API Outbox Replay - 6시간 장애 복구 > Replay 처리량 메트릭 - 1000+ rows/sec 목표 달성 PASSED

Gradle Test Run :module-chaos-test:chaosTest > Gradle Test Executor 7 > Nightmare 19: Nexon API Outbox Replay - 6시간 장애 복구 > 장애 복구 후 Outbox Processor 자동 Replay로 100% 완료 STARTED

Gradle Test Run :module-chaos-test:chaosTest > Gradle Test Executor 7 > Nightmare 19: Nexon API Outbox Replay - 6시간 장애 복구 > 장애 복구 후 Outbox Processor 자동 Replay로 100% 완료 FAILED
    java.lang.AssertionError: [All entries should be processed (COMPLETED or DLQ)] 
    Expecting actual:
      9400L
    to be greater than or equal to:
      9500L
        at maple.expectation.chaos.nightmare.NexonApiOutboxNightmareTest.lambda$shouldReplayAllOutboxEntriesAfterApiRecovery$0(NexonApiOutboxNightmareTest.java:277)

Gradle Test Run :module-chaos-test:chaosTest > Gradle Test Executor 7 > Nightmare 19: Nexon API Outbox Replay - 6시간 장애 복구 > 6시간 장애 시 100K건 Outbox 적재 및 PENDING 상태 유지 STARTED

Gradle Test Run :module-chaos-test:chaosTest > Gradle Test Executor 7 > Nightmare 19: Nexon API Outbox Replay - 6시간 장애 복구 > 6시간 장애 시 100K건 Outbox 적재 및 PENDING 상태 유지 PASSED

Gradle Test Run :module-chaos-test:chaosTest > Gradle Test Executor 7 > Nightmare 19: Nexon API Outbox Replay - 6시간 장애 복구 > 데이터 무결성 검증 - 유실 0건, DLQ < 0.1% STARTED

Gradle Test Run :module-chaos-test:chaosTest > Gradle Test Executor 7 > Nightmare 19: Nexon API Outbox Replay - 6시간 장애 복구 > 데이터 무결성 검증 - 유실 0건, DLQ < 0.1% FAILED
    org.awaitility.core.ConditionTimeoutException: Assertion condition [All entries should be processed] 
    Expecting actual:
      9500L
    to be greater than or equal to:
      9800L
     within 1 minutes.
        at app//org.awaitility.core.ConditionAwaiter.await(ConditionAwaiter.java:167)
        at app//org.awaitility.core.AssertionCondition.await(AssertionCondition.java:119)
        at app//org.awaitility.core.AssertionCondition.await(AssertionCondition.java:31)
        at app//org.awaitility.core.ConditionFactory.until(ConditionFactory.java:985)
        at app//org.awaitility.core.ConditionFactory.untilAsserted(ConditionFactory.java:769)
        at app//maple.expectation.chaos.nightmare.NexonApiOutboxNightmareTest.shouldMaintainDataIntegrity_withZeroDataLoss(NexonApiOutboxNightmareTest.java:435)

        Caused by:
        java.util.concurrent.TimeoutException
            at java.base/java.util.concurrent.FutureTask.get(FutureTask.java:204)
            at org.awaitility.core.Uninterruptibles.getUninterruptibly(Uninterruptibles.java:101)
            at org.awaitility.core.Uninterruptibles.getUninterruptibly(Uninterruptibles.java:81)
            at org.awaitility.core.ConditionAwaiter.await(ConditionAwaiter.java:103)
            ... 5 more

Gradle Test Run :module-chaos-test:chaosTest > Gradle Test Executor 7 > Nightmare 14: Pipeline Blackhole - 예외 삼킴 > initializationError STARTED

Gradle Test Run :module-chaos-test:chaosTest > Gradle Test Executor 7 > Nightmare 14: Pipeline Blackhole - 예외 삼킴 > initializationError FAILED
    java.lang.IllegalStateException: Previous attempts to find a Docker environment failed. Will not retry. Please see logs and check configuration
        at org.testcontainers.dockerclient.DockerClientProviderStrategy.getFirstValidStrategy(DockerClientProviderStrategy.java:229)
        at org.testcontainers.DockerClientFactory.getOrInitializeStrategy(DockerClientFactory.java:154)
        at org.testcontainers.DockerClientFactory.client(DockerClientFactory.java:196)
        at org.testcontainers.DockerClientFactory$1.getDockerClient(DockerClientFactory.java:108)
        at com.github.dockerjava.api.DockerClientDelegate.authConfig(DockerClientDelegate.java:109)
        at org.testcontainers.containers.GenericContainer.start(GenericContainer.java:321)
        at maple.expectation.support.AbstractContainerBaseTest.startContainers(AbstractContainerBaseTest.java:44)
        at java.base/java.lang.reflect.Method.invoke(Method.java:580)
        at java.base/java.util.ArrayList.forEach(ArrayList.java:1596)

Gradle Test Run :module-chaos-test:chaosTest > Gradle Test Executor 7 > Nightmare 17: Poison Pill - 실제 OutboxProcessor 처리 흐름 > Payload 변조 시 OutboxProcessor가 자동으로 DLQ 이동 STARTED

Gradle Test Run :module-chaos-test:chaosTest > Gradle Test Executor 7 > Nightmare 17: Poison Pill - 실제 OutboxProcessor 처리 흐름 > Payload 변조 시 OutboxProcessor가 자동으로 DLQ 이동 PASSED

Gradle Test Run :module-chaos-test:chaosTest > Gradle Test Executor 7 > Nightmare 17: Poison Pill - 실제 OutboxProcessor 처리 흐름 > Head-of-Line Blocking 방지 - Poison Pill 뒤 정상 메시지도 처리 STARTED

Gradle Test Run :module-chaos-test:chaosTest > Gradle Test Executor 7 > Nightmare 17: Poison Pill - 실제 OutboxProcessor 처리 흐름 > Head-of-Line Blocking 방지 - Poison Pill 뒤 정상 메시지도 처리 PASSED

Gradle Test Run :module-chaos-test:chaosTest > Gradle Test Executor 7 > Nightmare 17: Poison Pill - 실제 OutboxProcessor 처리 흐름 > Max Retry 초과 시 자동 DLQ 이동 STARTED

Gradle Test Run :module-chaos-test:chaosTest > Gradle Test Executor 7 > Nightmare 17: Poison Pill - 실제 OutboxProcessor 처리 흐름 > Max Retry 초과 시 자동 DLQ 이동 PASSED

Gradle Test Run :module-chaos-test:chaosTest > Gradle Test Executor 7 > Nightmare 17: Poison Pill - 실제 OutboxProcessor 처리 흐름 > DLQ 데이터 무결성 - 변조된 payload도 원본으로 보존 STARTED

Gradle Test Run :module-chaos-test:chaosTest > Gradle Test Executor 7 > Nightmare 17: Poison Pill - 실제 OutboxProcessor 처리 흐름 > DLQ 데이터 무결성 - 변조된 payload도 원본으로 보존 PASSED

Gradle Test Run :module-chaos-test:chaosTest > Gradle Test Executor 7 > Nightmare 17: Poison Pill - 실제 OutboxProcessor 처리 흐름 > Triple Safety Net 아키텍처 검증 STARTED

Gradle Test Run :module-chaos-test:chaosTest > Gradle Test Executor 7 > Nightmare 17: Poison Pill - 실제 OutboxProcessor 처리 흐름 > Triple Safety Net 아키텍처 검증 PASSED

Gradle Test Run :module-chaos-test:chaosTest > Gradle Test Executor 7 > Nightmare 16: Self-Invocation Mirage - 실제 서비스의 프록시 바이패스 검증 > initializationError STARTED

Gradle Test Run :module-chaos-test:chaosTest > Gradle Test Executor 7 > Nightmare 16: Self-Invocation Mirage - 실제 서비스의 프록시 바이패스 검증 > initializationError FAILED
    java.lang.IllegalStateException: Previous attempts to find a Docker environment failed. Will not retry. Please see logs and check configuration
        at org.testcontainers.dockerclient.DockerClientProviderStrategy.getFirstValidStrategy(DockerClientProviderStrategy.java:229)
        at org.testcontainers.DockerClientFactory.getOrInitializeStrategy(DockerClientFactory.java:154)
        at org.testcontainers.DockerClientFactory.client(DockerClientFactory.java:196)
        at org.testcontainers.DockerClientFactory$1.getDockerClient(DockerClientFactory.java:108)
        at com.github.dockerjava.api.DockerClientDelegate.authConfig(DockerClientDelegate.java:109)
        at org.testcontainers.containers.GenericContainer.start(GenericContainer.java:321)
        at maple.expectation.support.AbstractContainerBaseTest.startContainers(AbstractContainerBaseTest.java:44)
        at java.base/java.lang.reflect.Method.invoke(Method.java:580)
        at java.base/java.util.ArrayList.forEach(ArrayList.java:1596)

Gradle Test Run :module-chaos-test:chaosTest > Gradle Test Executor 7 > Nightmare 03: Thread Pool Exhaustion - 실제 운영 Executor 검증 > RejectedExecutionException 발생 시 Future 완료 보장 STARTED

Gradle Test Run :module-chaos-test:chaosTest > Gradle Test Executor 7 > Nightmare 03: Thread Pool Exhaustion - 실제 운영 Executor 검증 > RejectedExecutionException 발생 시 Future 완료 보장 PASSED

Gradle Test Run :module-chaos-test:chaosTest > Gradle Test Executor 7 > Nightmare 03: Thread Pool Exhaustion - 실제 운영 Executor 검증 > alertTaskExecutor: LOGGING_ABORT_POLICY로 메인 스레드 블로킹 방지 STARTED

Gradle Test Run :module-chaos-test:chaosTest > Gradle Test Executor 7 > Nightmare 03: Thread Pool Exhaustion - 실제 운영 Executor 검증 > alertTaskExecutor: LOGGING_ABORT_POLICY로 메인 스레드 블로킹 방지 PASSED

Gradle Test Run :module-chaos-test:chaosTest > Gradle Test Executor 7 > Nightmare 03: Thread Pool Exhaustion - 실제 운영 Executor 검증 > [개념 비교] CallerRunsPolicy vs AbortPolicy 동작 차이 STARTED

Gradle Test Run :module-chaos-test:chaosTest > Gradle Test Executor 7 > Nightmare 03: Thread Pool Exhaustion - 실제 운영 Executor 검증 > [개념 비교] CallerRunsPolicy vs AbortPolicy 동작 차이 PASSED

Gradle Test Run :module-chaos-test:chaosTest > Gradle Test Executor 7 > Nightmare 03: Thread Pool Exhaustion - 실제 운영 Executor 검증 > Thread Pool 메트릭 실시간 분석 - expectationComputeExecutor STARTED

Gradle Test Run :module-chaos-test:chaosTest > Gradle Test Executor 7 > Nightmare 03: Thread Pool Exhaustion - 실제 운영 Executor 검증 > Thread Pool 메트릭 실시간 분석 - expectationComputeExecutor PASSED

Gradle Test Run :module-chaos-test:chaosTest > Gradle Test Executor 7 > Nightmare 03: Thread Pool Exhaustion - 실제 운영 Executor 검증 > expectationComputeExecutor: AbortPolicy로 메인 스레드 블로킹 방지 STARTED

Gradle Test Run :module-chaos-test:chaosTest > Gradle Test Executor 7 > Nightmare 03: Thread Pool Exhaustion - 실제 운영 Executor 검증 > expectationComputeExecutor: AbortPolicy로 메인 스레드 블로킹 방지 PASSED

Gradle Test Run :module-chaos-test:chaosTest > Gradle Test Executor 7 > Nightmare 01: The Thundering Herd - Cache Stampede > initializationError STARTED

Gradle Test Run :module-chaos-test:chaosTest > Gradle Test Executor 7 > Nightmare 01: The Thundering Herd - Cache Stampede > initializationError FAILED
    java.lang.IllegalStateException: Previous attempts to find a Docker environment failed. Will not retry. Please see logs and check configuration
        at org.testcontainers.dockerclient.DockerClientProviderStrategy.getFirstValidStrategy(DockerClientProviderStrategy.java:229)
        at org.testcontainers.DockerClientFactory.getOrInitializeStrategy(DockerClientFactory.java:154)
        at org.testcontainers.DockerClientFactory.client(DockerClientFactory.java:196)
        at org.testcontainers.DockerClientFactory$1.getDockerClient(DockerClientFactory.java:108)
        at com.github.dockerjava.api.DockerClientDelegate.authConfig(DockerClientDelegate.java:109)
        at org.testcontainers.containers.GenericContainer.start(GenericContainer.java:321)
        at maple.expectation.support.AbstractContainerBaseTest.startContainers(AbstractContainerBaseTest.java:44)
        at java.base/java.lang.reflect.Method.invoke(Method.java:580)
        at java.base/java.util.ArrayList.forEach(ArrayList.java:1596)

Gradle Test Run :module-chaos-test:chaosTest > Gradle Test Executor 7 > Nightmare 13: Zombie Outbox - 영원히 처리되지 않는 메시지 > 실제 DonationService로 Outbox 생성 후 Zombie 복구 검증 STARTED

Gradle Test Run :module-chaos-test:chaosTest > Gradle Test Executor 7 > Nightmare 13: Zombie Outbox - 영원히 처리되지 않는 메시지 > 실제 DonationService로 Outbox 생성 후 Zombie 복구 검증 PASSED

Gradle Test Run :module-chaos-test:chaosTest > Gradle Test Executor 7 > Nightmare 13: Zombie Outbox - 영원히 처리되지 않는 메시지 > Zombie 복구 후 데이터 무결성 검증 STARTED

Gradle Test Run :module-chaos-test:chaosTest > Gradle Test Executor 7 > Nightmare 13: Zombie Outbox - 영원히 처리되지 않는 메시지 > Zombie 복구 후 데이터 무결성 검증 PASSED

Gradle Test Run :module-chaos-test:chaosTest > Gradle Test Executor 7 > Nightmare 13: Zombie Outbox - 영원히 처리되지 않는 메시지 > Zombie 감지 임계값 검증 (5분 기준) STARTED

Gradle Test Run :module-chaos-test:chaosTest > Gradle Test Executor 7 > Nightmare 13: Zombie Outbox - 영원히 처리되지 않는 메시지 > Zombie 감지 임계값 검증 (5분 기준) PASSED

Gradle Test Run :module-chaos-test:chaosTest > Gradle Test Executor 7 > Nightmare 13: Zombie Outbox - 영원히 처리되지 않는 메시지 > 다중 Donation으로 생성된 여러 Zombie 동시 복구 STARTED

Gradle Test Run :module-chaos-test:chaosTest > Gradle Test Executor 7 > Nightmare 13: Zombie Outbox - 영원히 처리되지 않는 메시지 > 다중 Donation으로 생성된 여러 Zombie 동시 복구 PASSED

Gradle Test Run :module-chaos-test:chaosTest > Gradle Test Executor 7 > Nightmare 09: Circular Lock Deadlock - Named Lock Ordering > initializationError STARTED

Gradle Test Run :module-chaos-test:chaosTest > Gradle Test Executor 7 > Nightmare 09: Circular Lock Deadlock - Named Lock Ordering > initializationError FAILED
    java.lang.IllegalStateException: Previous attempts to find a Docker environment failed. Will not retry. Please see logs and check configuration
        at org.testcontainers.dockerclient.DockerClientProviderStrategy.getFirstValidStrategy(DockerClientProviderStrategy.java:229)
        at org.testcontainers.DockerClientFactory.getOrInitializeStrategy(DockerClientFactory.java:154)
        at org.testcontainers.DockerClientFactory.client(DockerClientFactory.java:196)
        at org.testcontainers.DockerClientFactory$1.getDockerClient(DockerClientFactory.java:108)
        at com.github.dockerjava.api.DockerClientDelegate.authConfig(DockerClientDelegate.java:109)
        at org.testcontainers.containers.GenericContainer.start(GenericContainer.java:321)
        at maple.expectation.support.AbstractContainerBaseTest.startContainers(AbstractContainerBaseTest.java:44)
        at java.base/java.lang.reflect.Method.invoke(Method.java:580)
        at java.base/java.util.ArrayList.forEach(ArrayList.java:1596)

Gradle Test Run :module-chaos-test:chaosTest > Gradle Test Executor 7 > Nightmare 07: Metadata Lock Freeze - DDL Blocking Query Cascade > initializationError STARTED

Gradle Test Run :module-chaos-test:chaosTest > Gradle Test Executor 7 > Nightmare 07: Metadata Lock Freeze - DDL Blocking Query Cascade > initializationError FAILED
    java.lang.IllegalStateException: Previous attempts to find a Docker environment failed. Will not retry. Please see logs and check configuration
        at org.testcontainers.dockerclient.DockerClientProviderStrategy.getFirstValidStrategy(DockerClientProviderStrategy.java:229)
        at org.testcontainers.DockerClientFactory.getOrInitializeStrategy(DockerClientFactory.java:154)
        at org.testcontainers.DockerClientFactory.client(DockerClientFactory.java:196)
        at org.testcontainers.DockerClientFactory$1.getDockerClient(DockerClientFactory.java:108)
        at com.github.dockerjava.api.DockerClientDelegate.authConfig(DockerClientDelegate.java:109)
        at org.testcontainers.containers.GenericContainer.start(GenericContainer.java:321)
        at maple.expectation.support.AbstractContainerBaseTest.startContainers(AbstractContainerBaseTest.java:44)
        at java.base/java.lang.reflect.Method.invoke(Method.java:580)
        at java.base/java.util.ArrayList.forEach(ArrayList.java:1596)
Requesting stop of task ':module-chaos-test:chaosTest' as it has exceeded its configured timeout of 15m.

45 tests completed, 16 failed

> Task :module-chaos-test:chaosTest FAILED

FAILURE: Build failed with an exception.

* What went wrong:
Execution failed for task ':module-chaos-test:chaosTest'.
> Timeout has been exceeded

* Try:
> Run with --stacktrace option to get the stack trace.
> Run with --info or --debug option to get more log output.
> Run with --scan to get full insights.
> Get more help at https://help.gradle.org.

Deprecated Gradle features were used in this build, making it incompatible with Gradle 9.0.

You can use '--warning-mode all' to show the individual deprecation warnings and determine if they come from your own scripts or plugins.

For more on this, please refer to https://docs.gradle.org/8.5/userguide/command_line_interface.html#sec:command_line_warnings in the Gradle documentation.

BUILD FAILED in 15m 5s
13 actionable tasks: 1 executed, 12 up-to-date
